<?xml version="1.0" encoding="UTF-8"?>
<testsuite xmlns:xsi="http://www.w3.org/2001/XMLSchema-instance" xsi:noNamespaceSchemaLocation="https://maven.apache.org/surefire/maven-surefire-plugin/xsd/surefire-test-report-3.0.xsd" version="3.0" name="TestSuite" time="4.351" tests="4" errors="0" skipped="0" failures="0">
  <properties>
    <property name="sun.desktop" value="gnome"/>
    <property name="awt.toolkit" value="sun.awt.X11.XToolkit"/>
    <property name="file.encoding.pkg" value="sun.io"/>
    <property name="java.specification.version" value="1.8"/>
    <property name="sun.cpu.isalist" value=""/>
    <property name="sun.jnu.encoding" value="UTF-8"/>
    <property name="java.class.path" value="/home/syam.s/eclipse-workspace/apitest/target/test-classes:/home/syam.s/eclipse-workspace/apitest/target/classes:/home/syam.s/.m2/repository/org/apache/httpcomponents/httpclient/4.5.6/httpclient-4.5.6.jar:/home/syam.s/.m2/repository/org/apache/httpcomponents/httpcore/4.4.10/httpcore-4.4.10.jar:/home/syam.s/.m2/repository/commons-logging/commons-logging/1.2/commons-logging-1.2.jar:/home/syam.s/.m2/repository/commons-codec/commons-codec/1.10/commons-codec-1.10.jar:/home/syam.s/.m2/repository/org/testng/testng/6.11/testng-6.11.jar:/home/syam.s/.m2/repository/com/beust/jcommander/1.64/jcommander-1.64.jar:/home/syam.s/.m2/repository/org/yaml/snakeyaml/1.17/snakeyaml-1.17.jar:/home/syam.s/.m2/repository/org/json/json/20090211/json-20090211.jar:/home/syam.s/.m2/repository/com/fasterxml/jackson/core/jackson-core/2.9.0/jackson-core-2.9.0.jar:/home/syam.s/.m2/repository/com/fasterxml/jackson/core/jackson-databind/2.9.0/jackson-databind-2.9.0.jar:/home/syam.s/.m2/repository/com/fasterxml/jackson/core/jackson-annotations/2.9.0/jackson-annotations-2.9.0.jar:/home/syam.s/.m2/repository/com/github/fge/json-schema-validator/2.2.6/json-schema-validator-2.2.6.jar:/home/syam.s/.m2/repository/com/google/code/findbugs/jsr305/3.0.0/jsr305-3.0.0.jar:/home/syam.s/.m2/repository/joda-time/joda-time/2.3/joda-time-2.3.jar:/home/syam.s/.m2/repository/com/googlecode/libphonenumber/libphonenumber/6.2/libphonenumber-6.2.jar:/home/syam.s/.m2/repository/com/github/fge/json-schema-core/1.2.5/json-schema-core-1.2.5.jar:/home/syam.s/.m2/repository/com/github/fge/uri-template/0.9/uri-template-0.9.jar:/home/syam.s/.m2/repository/com/github/fge/msg-simple/1.1/msg-simple-1.1.jar:/home/syam.s/.m2/repository/com/github/fge/btf/1.2/btf-1.2.jar:/home/syam.s/.m2/repository/com/google/guava/guava/16.0.1/guava-16.0.1.jar:/home/syam.s/.m2/repository/com/github/fge/jackson-coreutils/1.8/jackson-coreutils-1.8.jar:/home/syam.s/.m2/repository/org/mozilla/rhino/1.7R4/rhino-1.7R4.jar:/home/syam.s/.m2/repository/javax/mail/mailapi/1.4.3/mailapi-1.4.3.jar:/home/syam.s/.m2/repository/javax/activation/activation/1.1/activation-1.1.jar:/home/syam.s/.m2/repository/net/sf/jopt-simple/jopt-simple/4.6/jopt-simple-4.6.jar:/home/syam.s/.m2/repository/com/google/code/gson/gson/2.3.1/gson-2.3.1.jar:"/>
    <property name="java.vm.vendor" value="Private Build"/>
    <property name="sun.arch.data.model" value="64"/>
    <property name="java.vendor.url" value="http://java.oracle.com/"/>
    <property name="user.timezone" value=""/>
    <property name="suiteXmlFile" value="/testng.xml"/>
    <property name="java.vm.specification.version" value="1.8"/>
    <property name="os.name" value="Linux"/>
    <property name="user.country" value="IN"/>
    <property name="sun.java.launcher" value="SUN_STANDARD"/>
    <property name="sun.boot.library.path" value="/usr/lib/jvm/java-8-openjdk-amd64/jre/lib/amd64"/>
    <property name="sun.java.command" value="/home/syam.s/eclipse-workspace/apitest/target/surefire/surefirebooter6478150663134972283.jar /home/syam.s/eclipse-workspace/apitest/target/surefire 2019-09-29T08-49-25_741-jvmRun1 surefire3261608448324302180tmp surefire_08936016442145550792tmp"/>
    <property name="surefire.test.class.path" value="/home/syam.s/eclipse-workspace/apitest/target/test-classes:/home/syam.s/eclipse-workspace/apitest/target/classes:/home/syam.s/.m2/repository/org/apache/httpcomponents/httpclient/4.5.6/httpclient-4.5.6.jar:/home/syam.s/.m2/repository/org/apache/httpcomponents/httpcore/4.4.10/httpcore-4.4.10.jar:/home/syam.s/.m2/repository/commons-logging/commons-logging/1.2/commons-logging-1.2.jar:/home/syam.s/.m2/repository/commons-codec/commons-codec/1.10/commons-codec-1.10.jar:/home/syam.s/.m2/repository/org/testng/testng/6.11/testng-6.11.jar:/home/syam.s/.m2/repository/com/beust/jcommander/1.64/jcommander-1.64.jar:/home/syam.s/.m2/repository/org/yaml/snakeyaml/1.17/snakeyaml-1.17.jar:/home/syam.s/.m2/repository/org/json/json/20090211/json-20090211.jar:/home/syam.s/.m2/repository/com/fasterxml/jackson/core/jackson-core/2.9.0/jackson-core-2.9.0.jar:/home/syam.s/.m2/repository/com/fasterxml/jackson/core/jackson-databind/2.9.0/jackson-databind-2.9.0.jar:/home/syam.s/.m2/repository/com/fasterxml/jackson/core/jackson-annotations/2.9.0/jackson-annotations-2.9.0.jar:/home/syam.s/.m2/repository/com/github/fge/json-schema-validator/2.2.6/json-schema-validator-2.2.6.jar:/home/syam.s/.m2/repository/com/google/code/findbugs/jsr305/3.0.0/jsr305-3.0.0.jar:/home/syam.s/.m2/repository/joda-time/joda-time/2.3/joda-time-2.3.jar:/home/syam.s/.m2/repository/com/googlecode/libphonenumber/libphonenumber/6.2/libphonenumber-6.2.jar:/home/syam.s/.m2/repository/com/github/fge/json-schema-core/1.2.5/json-schema-core-1.2.5.jar:/home/syam.s/.m2/repository/com/github/fge/uri-template/0.9/uri-template-0.9.jar:/home/syam.s/.m2/repository/com/github/fge/msg-simple/1.1/msg-simple-1.1.jar:/home/syam.s/.m2/repository/com/github/fge/btf/1.2/btf-1.2.jar:/home/syam.s/.m2/repository/com/google/guava/guava/16.0.1/guava-16.0.1.jar:/home/syam.s/.m2/repository/com/github/fge/jackson-coreutils/1.8/jackson-coreutils-1.8.jar:/home/syam.s/.m2/repository/org/mozilla/rhino/1.7R4/rhino-1.7R4.jar:/home/syam.s/.m2/repository/javax/mail/mailapi/1.4.3/mailapi-1.4.3.jar:/home/syam.s/.m2/repository/javax/activation/activation/1.1/activation-1.1.jar:/home/syam.s/.m2/repository/net/sf/jopt-simple/jopt-simple/4.6/jopt-simple-4.6.jar:/home/syam.s/.m2/repository/com/google/code/gson/gson/2.3.1/gson-2.3.1.jar:"/>
    <property name="sun.cpu.endian" value="little"/>
    <property name="user.home" value="/home/syam.s"/>
    <property name="user.language" value="en"/>
    <property name="java.specification.vendor" value="Oracle Corporation"/>
    <property name="java.home" value="/usr/lib/jvm/java-8-openjdk-amd64/jre"/>
    <property name="basedir" value="/home/syam.s/eclipse-workspace/apitest"/>
    <property name="file.separator" value="/"/>
    <property name="line.separator" value="&#10;"/>
    <property name="java.vm.specification.vendor" value="Oracle Corporation"/>
    <property name="java.specification.name" value="Java Platform API Specification"/>
    <property name="java.awt.graphicsenv" value="sun.awt.X11GraphicsEnvironment"/>
    <property name="surefire.real.class.path" value="/home/syam.s/eclipse-workspace/apitest/target/surefire/surefirebooter6478150663134972283.jar"/>
    <property name="sun.boot.class.path" value="/usr/lib/jvm/java-8-openjdk-amd64/jre/lib/resources.jar:/usr/lib/jvm/java-8-openjdk-amd64/jre/lib/rt.jar:/usr/lib/jvm/java-8-openjdk-amd64/jre/lib/sunrsasign.jar:/usr/lib/jvm/java-8-openjdk-amd64/jre/lib/jsse.jar:/usr/lib/jvm/java-8-openjdk-amd64/jre/lib/jce.jar:/usr/lib/jvm/java-8-openjdk-amd64/jre/lib/charsets.jar:/usr/lib/jvm/java-8-openjdk-amd64/jre/lib/jfr.jar:/usr/lib/jvm/java-8-openjdk-amd64/jre/classes"/>
    <property name="sun.management.compiler" value="HotSpot 64-Bit Tiered Compilers"/>
    <property name="java.runtime.version" value="1.8.0_222-8u222-b10-1ubuntu1~18.04.1-b10"/>
    <property name="user.name" value="syam.s"/>
    <property name="path.separator" value=":"/>
    <property name="os.version" value="4.15.0-64-generic"/>
    <property name="java.endorsed.dirs" value="/usr/lib/jvm/java-8-openjdk-amd64/jre/lib/endorsed"/>
    <property name="java.runtime.name" value="OpenJDK Runtime Environment"/>
    <property name="file.encoding" value="UTF-8"/>
    <property name="java.vm.name" value="OpenJDK 64-Bit Server VM"/>
    <property name="localRepository" value="/home/syam.s/.m2/repository"/>
    <property name="java.vendor.url.bug" value="http://bugreport.sun.com/bugreport/"/>
    <property name="java.io.tmpdir" value="/tmp"/>
    <property name="java.version" value="1.8.0_222"/>
    <property name="user.dir" value="/home/syam.s/eclipse-workspace/apitest"/>
    <property name="os.arch" value="amd64"/>
    <property name="java.vm.specification.name" value="Java Virtual Machine Specification"/>
    <property name="java.awt.printerjob" value="sun.print.PSPrinterJob"/>
    <property name="sun.os.patch.level" value="unknown"/>
    <property name="java.library.path" value="/usr/java/packages/lib/amd64:/usr/lib/x86_64-linux-gnu/jni:/lib/x86_64-linux-gnu:/usr/lib/x86_64-linux-gnu:/usr/lib/jni:/lib:/usr/lib"/>
    <property name="java.vm.info" value="mixed mode"/>
    <property name="java.vendor" value="Private Build"/>
    <property name="java.vm.version" value="25.222-b10"/>
    <property name="java.ext.dirs" value="/usr/lib/jvm/java-8-openjdk-amd64/jre/lib/ext:/usr/java/packages/lib/ext"/>
    <property name="sun.io.unicode.encoding" value="UnicodeLittle"/>
    <property name="java.class.version" value="52.0"/>
  </properties>
  <testcase name="badRequestTestCase" classname="com.qa.apitests.GetTestActual" time="1.518"/>
  <testcase name="getTestCase" classname="com.qa.apitests.GetTestActual" time="0.963"/>
  <testcase name="postTestCase" classname="com.qa.apitests.GetTestActual" time="0.511"/>
  <testcase name="putTestCase" classname="com.qa.apitests.GetTestActual" time="0.616"/>
</testsuite>