<?xml version="1.0" encoding="UTF-8"?>
<!-- Generated by org.testng.reporters.JUnitReportReporter -->
<testsuite skipped="0" hostname="globallogic-HP-ProBook-640-G5" name="com.qa.apitests.GetTestActual" tests="4" failures="0" timestamp="29 Sep 2019 10:07:14 GMT" time="2.298" errors="0">
  <testcase name="putTestCase" time="0.419" classname="com.qa.apitests.GetTestActual"/>
  <testcase name="postTestCase" time="0.286" classname="com.qa.apitests.GetTestActual"/>
  <testcase name="badRequestTestCase" time="1.098" classname="com.qa.apitests.GetTestActual"/>
  <testcase name="getTestCase" time="0.495" classname="com.qa.apitests.GetTestActual"/>
</testsuite> <!-- com.qa.apitests.GetTestActual -->
