<?xml version="1.0" encoding="UTF-8"?>
<!-- Generated by org.testng.reporters.JUnitReportReporter -->
<testsuite skipped="0" hostname="globallogic-HP-ProBook-640-G5" name="com.qa.apitests.GetTestActual" tests="1" failures="0" timestamp="26 Sep 2019 16:49:59 GMT" time="523.951" errors="0">
  <testcase name="getTestCase" time="523.951" classname="com.qa.apitests.GetTestActual"/>
</testsuite> <!-- com.qa.apitests.GetTestActual -->
