<?xml version="1.0" encoding="UTF-8"?>
<!-- Generated by org.testng.reporters.JUnitReportReporter -->
<testsuite skipped="0" hostname="globallogic-HP-ProBook-640-G5" name="com.qa.apitests.PostTest" tests="1" failures="0" timestamp="27 Sep 2019 10:00:02 GMT" time="1.459" errors="0">
  <testcase name="postTestCase" time="1.459" classname="com.qa.apitests.PostTest"/>
</testsuite> <!-- com.qa.apitests.PostTest -->
