<?xml version="1.0" encoding="UTF-8"?>
<!-- Generated by org.testng.reporters.JUnitReportReporter -->
<testsuite skipped="0" hostname="globallogic-HP-ProBook-640-G5" name="com.qa.apitests.GetTest" tests="1" failures="0" timestamp="27 Sep 2019 09:41:37 GMT" time="2.743" errors="0">
  <testcase name="getTestCase" time="2.743" classname="com.qa.apitests.GetTest"/>
</testsuite> <!-- com.qa.apitests.GetTest -->
