<?xml version="1.0" encoding="UTF-8"?>
<!-- Generated by org.testng.reporters.JUnitReportReporter -->
<testsuite skipped="0" hostname="globallogic-HP-ProBook-640-G5" name="com.qa.apitests.GetTest" tests="1" failures="0" timestamp="25 Sep 2019 16:06:04 GMT" time="0.958" errors="0">
  <testcase name="getTestCase" time="0.958" classname="com.qa.apitests.GetTest"/>
</testsuite> <!-- com.qa.apitests.GetTest -->
