<?xml version="1.0" encoding="UTF-8"?>
<!-- Generated by org.testng.reporters.JUnitReportReporter -->
<testsuite skipped="0" hostname="globallogic-HP-ProBook-640-G5" name="com.qa.apitests.GetTestActual" tests="4" failures="0" timestamp="29 Sep 2019 03:19:30 GMT" time="3.609" errors="0">
  <testcase name="badRequestTestCase" time="1.519" classname="com.qa.apitests.GetTestActual"/>
  <testcase name="getTestCase" time="0.963" classname="com.qa.apitests.GetTestActual"/>
  <testcase name="postTestCase" time="0.511" classname="com.qa.apitests.GetTestActual"/>
  <testcase name="putTestCase" time="0.616" classname="com.qa.apitests.GetTestActual"/>
</testsuite> <!-- com.qa.apitests.GetTestActual -->
